Mono path[0] = '/home/mohamed/Desktop/Games/files/groot/hollow_knight_Data/Managed'
Mono config path = '/home/mohamed/Desktop/Games/files/groot/hollow_knight_Data/MonoBleedingEdge/etc'
Preloaded 'libsteam_api.so'
Preloaded 'libsteam_api.so.orig'
Display 0 '0': 2560x1600 (primary device).
Desktop is 2560 x 1600 @ 165 Hz
[Vulkan init] extensions: count=4
[Vulkan init] extensions: name=VK_EXT_debug_report, enabled=0
[Vulkan init] extensions: name=VK_EXT_debug_utils, enabled=0
[Vulkan init] extensions: name=VK_KHR_portability_enumeration, enabled=0
[Vulkan init] extensions: name=VK_LUNARG_direct_driver_loading, enabled=0
Vulkan detection: 0
Initialize engine version: 2020.2.2f1 (068178b99f32)
[Subsystems] Discovering subsystems at path /home/mohamed/Desktop/Games/files/groot/hollow_knight_Data/UnitySubsystems
GfxDevice: creating device client; threaded=1
[Vulkan init] extensions: count=4
[Vulkan init] extensions: name=VK_EXT_debug_report, enabled=0
[Vulkan init] extensions: name=VK_EXT_debug_utils, enabled=0
[Vulkan init] extensions: name=VK_KHR_portability_enumeration, enabled=0
[Vulkan init] extensions: name=VK_LUNARG_direct_driver_loading, enabled=0
[Vulkan init] SelectPhysicalDevice requestedDeviceIndex=-1 xrDevice=(nil)
ERROR:             vkEnumeratePhysicalDevices: Invalid instance [VUID-vkEnumeratePhysicalDevices-instance-parameter]
Caught fatal signal - signo:6 code:-6 errno:0 addr:0x3e800004521
Obtained 16 stack frames.
#0  0x007f911a117710 in __sigaction
#1  0x007f911a16783c in pthread_key_delete
#2  0x007f911a117668 in raise
#3  0x007f911a0ff4b8 in abort
#4  0x007f9110087cf2 in vkEnumeratePhysicalDevices
#5  0x007f911af1711f in vk::Initialize()
#6  0x007f911af212b9 in CreateVKGfxDevice()
#7  0x007f911ae9593e in CreateClientGfxDevice(GfxDeviceRenderer, GfxCreateDeviceFlags)
#8  0x007f911b36da38 in CreateGfxDevice(GfxDeviceRenderer, GfxCreateDeviceFlags)
#9  0x007f911b36dd91 in InitializeGfxDevice()
#10 0x007f911b225942 in InitializeEngineGraphics(bool)
#11 0x007f911b233bca in PlayerInitEngineGraphics(bool)
#12 0x007f911b40d6ad in PlayerMain(int, char**)
#13 0x007f911a100cd0 in __libc_init_first
#14 0x007f911a100d8a in __libc_start_main
#15 0x00000000201029 in _start
