2023-10-05T23:05:16.783Z 0: 

----------------------------------------------
2023-10-05T23:05:16.794Z 1: Discord starting: {"releaseChannel":"stable","version":"0.0.31"}, modulepath: /home/mohamed/.config/discord/0.0.31/modules
2023-10-05T23:05:16.796Z 2: ✅ webContents.created web1 ""
2023-10-05T23:05:16.798Z 3: ✅ window.created win1 "discord"
2023-10-05T23:05:16.958Z 4: ✅ webContents.did-finish-load web1
2023-10-05T23:05:21.321Z 5: ✅ webContents.created web2 ""
2023-10-05T23:05:21.339Z 6: ✅ window.created win2 "Discord"
2023-10-05T23:05:24.346Z 7: ✅ webContents.did-finish-load web2
2023-10-05T23:05:24.446Z 8: window.close win1
2023-10-05T23:05:24.486Z 9: webContents.destroyed web1
2023-10-05T23:05:24.489Z 10: window.closed win1
2023-10-05T23:29:10.597Z 11: window.close win2
2023-10-05T23:29:32.162Z 12: window.close win2
2023-10-06T13:32:33.278Z 0: 

----------------------------------------------
2023-10-06T13:32:33.285Z 1: Discord starting: {"releaseChannel":"stable","version":"0.0.31"}, modulepath: /home/mohamed/.config/discord/0.0.31/modules
2023-10-06T13:32:33.300Z 2: ✅ webContents.created web1 ""
2023-10-06T13:32:33.301Z 3: ✅ window.created win1 "discord"
2023-10-06T13:32:33.485Z 4: ✅ webContents.did-finish-load web1
2023-10-06T13:32:33.967Z 5: ✅ webContents.created web2 ""
2023-10-06T13:32:33.973Z 6: ✅ window.created win2 "Discord"
2023-10-06T13:32:37.425Z 7: ✅ webContents.did-finish-load web2
2023-10-06T13:32:37.525Z 8: window.close win1
2023-10-06T13:32:37.535Z 9: webContents.destroyed web1
2023-10-06T13:32:37.537Z 10: window.closed win1
2023-10-06T15:01:17.252Z 11: window.close win2
2023-10-06T15:22:38.007Z 0: 

----------------------------------------------
2023-10-06T15:22:38.010Z 1: Discord starting: {"releaseChannel":"stable","version":"0.0.31"}, modulepath: /home/mohamed/.config/discord/0.0.31/modules
2023-10-06T15:37:59.785Z 0: 

----------------------------------------------
2023-10-06T15:37:59.791Z 1: Discord starting: {"releaseChannel":"stable","version":"0.0.31"}, modulepath: /home/mohamed/.config/discord/0.0.31/modules
2023-10-06T15:37:59.800Z 2: ✅ webContents.created web1 ""
2023-10-06T15:37:59.801Z 3: ✅ window.created win1 "discord"
2023-10-06T15:37:59.942Z 4: ✅ webContents.did-finish-load web1
2023-10-06T15:38:00.296Z 5: ✅ webContents.created web2 ""
2023-10-06T15:38:00.303Z 6: ✅ window.created win2 "Discord"
2023-10-06T15:38:02.509Z 7: ✅ webContents.did-finish-load web2
2023-10-06T15:38:02.609Z 8: window.close win1
2023-10-06T15:38:02.612Z 9: webContents.destroyed web1
2023-10-06T15:38:02.613Z 10: window.closed win1
2023-10-06T16:44:43.479Z 11: window.close win2
2023-10-06T16:44:49.689Z 12: window.close win2
2023-10-07T16:10:22.334Z 0: 

----------------------------------------------
2023-10-07T16:10:22.343Z 1: Discord starting: {"releaseChannel":"stable","version":"0.0.31"}, modulepath: /home/mohamed/.config/discord/0.0.31/modules
2023-10-07T16:10:22.352Z 2: ✅ webContents.created web1 ""
2023-10-07T16:10:22.355Z 3: ✅ window.created win1 "discord"
2023-10-07T16:10:22.535Z 4: ✅ webContents.did-finish-load web1
2023-10-07T16:10:22.905Z 5: ✅ webContents.created web2 ""
2023-10-07T16:10:22.911Z 6: ✅ window.created win2 "Discord"
2023-10-07T16:10:26.411Z 7: ✅ webContents.did-finish-load web2
2023-10-07T16:10:26.511Z 8: window.close win1
2023-10-07T16:10:26.513Z 9: webContents.destroyed web1
2023-10-07T16:10:26.514Z 10: window.closed win1
2023-10-07T17:10:06.557Z 11: window.close win2
2023-10-07T17:10:13.843Z 12: window.close win2
