[INFO:2023-10-03 21:33:54,351:startup]: Starting Lutris 0.5.13
[INFO:2023-10-03 21:33:54,362:startup]: Using NVIDIA drivers 535.113.01 for x86_64
[INFO:2023-10-03 21:33:54,363:startup]: GPU: NVIDIA GeForce RTX 3060 Laptop GPU
[INFO:2023-10-03 21:33:54,363:startup]: GPU: 10DE:2560 17AA:3E85 (nvidia drivers)
[INFO:2023-10-03 21:33:54,363:startup]: GPU: 8086:9A60 17AA:3E85 (i915 drivers)
[ERROR:2023-10-03 21:33:54,363:startup]: i386 libgnutls.so.30 missing (needed by gnutls)
[WARNING:2023-10-03 21:33:54,392:system]: vulkaninfo not available, unable to list GPUs
[WARNING:2023-10-03 21:33:54,392:system]: vulkaninfo not available, unable to list GPUs
[WARNING:2023-10-03 21:33:54,392:system]: vulkaninfo not available, unable to list GPUs
[INFO:2023-10-03 21:33:54,481:__init__]: Running migration: mess_to_mame
[INFO:2023-10-03 21:33:54,481:__init__]: Running migration: migrate_hidden_ids
[INFO:2023-10-03 21:33:54,482:__init__]: Running migration: migrate_steam_appids
[INFO:2023-10-03 21:33:54,483:__init__]: Running migration: migrate_banners
[INFO:2023-10-03 21:33:54,483:__init__]: Running migration: retrieve_discord_appids
[INFO:2023-10-03 21:33:54,483:retrieve_discord_appids]: Updating Games Discord APP ID's
[WARNING:2023-10-03 21:33:54,772:runtime]: Runtime winetricks is not available locally
[WARNING:2023-10-03 21:33:54,772:runtime]: Runtime innoextract-1.9-linux is not available locally
[WARNING:2023-10-03 21:33:54,772:runtime]: Runtime p7zip is not available locally
[WARNING:2023-10-03 21:33:54,774:runtime]: Runtime gamecontrollerdb is not available locally
[WARNING:2023-10-03 21:33:54,775:runtime]: Runtime battleye_runtime is not available locally
[WARNING:2023-10-03 21:33:54,776:runtime]: Runtime network-tools is not available locally
[WARNING:2023-10-03 21:33:54,776:runtime]: Runtime Ubuntu-18.04-i686 is not available locally
[WARNING:2023-10-03 21:33:54,777:runtime]: Runtime Ubuntu-18.04-x86_64 is not available locally
[WARNING:2023-10-03 21:33:54,779:runtime]: Runtime dxvk-cache-tool is not available locally
[WARNING:2023-10-03 21:33:54,779:runtime]: Runtime eac_runtime is not available locally
[WARNING:2023-10-03 21:33:55,376:system]: Non existent path: /home/mohamed/.local/share/lutris/runtime/winetricks
[WARNING:2023-10-03 21:33:55,585:system]: Non existent path: /home/mohamed/.local/share/lutris/runtime/dxvk-cache-tool
[WARNING:2023-10-03 21:33:55,685:system]: Non existent path: /home/mohamed/.local/share/lutris/runtime/eac_runtime
[WARNING:2023-10-03 21:33:55,881:system]: Non existent path: /home/mohamed/.local/share/lutris/runtime/gamecontrollerdb
[WARNING:2023-10-03 21:33:56,582:system]: Non existent path: /home/mohamed/.local/share/lutris/runtime/innoextract-1.9-linux
[WARNING:2023-10-03 21:33:57,089:system]: Non existent path: /home/mohamed/.local/share/lutris/runtime/network-tools
[WARNING:2023-10-03 21:33:58,389:system]: Non existent path: /home/mohamed/.local/share/lutris/runtime/p7zip
[WARNING:2023-10-03 21:33:58,898:system]: Non existent path: /home/mohamed/.local/share/lutris/runtime/battleye_runtime
[WARNING:2023-10-03 21:34:15,092:system]: Non existent path: /home/mohamed/.local/share/lutris/runtime/Ubuntu-18.04-i686
[WARNING:2023-10-03 21:34:16,600:system]: Non existent path: /home/mohamed/.local/share/lutris/runtime/Ubuntu-18.04-x86_64
[INFO:2023-10-03 21:34:18,128:runtime]: Runtime update completed.
[INFO:2023-10-03 21:34:18,523:dll_manager]: Downloading DXVK v2.3...
[INFO:2023-10-03 21:34:18,524:dll_manager]: Downloading https://github.com/lutris/dxvk/releases/download/v2.3/dxvk-2.3.tar.gz to /home/mohamed/.local/share/lutris/runtime/dxvk/dxvk-2.3.tar.gz
[ERROR:2023-10-03 21:34:59,170:http]: Failed to get url https://github.com/lutris/dxvk/releases/download/v2.3/dxvk-2.3.tar.gz: Request timed out
[ERROR:2023-10-03 21:34:59,171:dll_manager]: Failed to download DXVK v2.3
[INFO:2023-10-03 21:34:59,517:dll_manager]: Downloading DXVK-NVAPI v0.6.4...
[INFO:2023-10-03 21:34:59,518:dll_manager]: Downloading https://github.com/lutris/dxvk-nvapi/releases/download/v0.6.4/dxvk-nvapi-v0.6.4.tar.xz to /home/mohamed/.local/share/lutris/runtime/dxvk-nvapi/dxvk-nvapi-v0.6.4.tar.xz
[INFO:2023-10-03 21:35:00,760:dll_manager]: Extracting /home/mohamed/.local/share/lutris/runtime/dxvk-nvapi/dxvk-nvapi-v0.6.4.tar.xz to /home/mohamed/.local/share/lutris/runtime/dxvk-nvapi/v0.6.4
[INFO:2023-10-03 21:35:01,139:dll_manager]: Downloading VKD3D v2.10...
[INFO:2023-10-03 21:35:01,139:dll_manager]: Downloading https://github.com/lutris/vkd3d/releases/download/v2.10/vkd3d-2.10.tar.xz to /home/mohamed/.local/share/lutris/runtime/vkd3d/vkd3d-2.10.tar.xz
[INFO:2023-10-03 21:35:02,517:dll_manager]: Extracting /home/mohamed/.local/share/lutris/runtime/vkd3d/vkd3d-2.10.tar.xz to /home/mohamed/.local/share/lutris/runtime/vkd3d/v2.10
[INFO:2023-10-03 21:35:02,846:dll_manager]: Downloading D3D Extras v2...
[INFO:2023-10-03 21:35:02,846:dll_manager]: Downloading https://github.com/lutris/d3d_extras/releases/download/v2/v2.tar.xz to /home/mohamed/.local/share/lutris/runtime/d3d_extras/v2.tar.xz
[INFO:2023-10-03 21:35:19,934:dll_manager]: Extracting /home/mohamed/.local/share/lutris/runtime/d3d_extras/v2.tar.xz to /home/mohamed/.local/share/lutris/runtime/d3d_extras/v2
[INFO:2023-10-03 21:35:21,878:dll_manager]: Downloading dgvoodoo2 v2.8...
[INFO:2023-10-03 21:35:21,878:dll_manager]: Downloading https://github.com/lutris/dgvoodoo2/releases/download/v2.8/dgvoodoo2-v2.8.tar.xz to /home/mohamed/.local/share/lutris/runtime/dgvoodoo2/dgvoodoo2-v2.8.tar.xz
[INFO:2023-10-03 21:35:22,846:dll_manager]: Extracting /home/mohamed/.local/share/lutris/runtime/dgvoodoo2/dgvoodoo2-v2.8.tar.xz to /home/mohamed/.local/share/lutris/runtime/dgvoodoo2/v2.8
[INFO:2023-10-03 21:35:22,889:runtime]: Startup complete
